<?xml version='1.1' encoding='UTF-8'?>
<result plugin="junit@1.43">
  <suites>
    <suite>
      <file>F:\Add_Job\AddJob\target\surefire-reports\TEST-TestSuite.xml</file>
      <name>TestSuite</name>
      <duration>46.723</duration>
      <time>46.723</time>
      <enclosingBlocks/>
      <enclosingBlockNames/>
      <cases>
        <case>
          <duration>45.709</duration>
          <className>runner.AddJob_Runner</className>
          <testName>feature</testName>
          <skipped>false</skipped>
          <failedSince>0</failedSince>
        </case>
      </cases>
    </suite>
  </suites>
  <duration>46.723</duration>
  <keepLongStdio>false</keepLongStdio>
</result>